<?xml version="1.0" encoding="UTF-8"?>
<!-- Generated by org.testng.reporters.JUnitXMLReporter -->
<testsuite hostname="DESKTOP-4KP677O" ignored="0" name="Test" tests="3" failures="0" timestamp="2022-02-08T08:55:12 MST" time="51.65" errors="0">
  <testcase name="loginPageTest" time="17.674" classname="targetTests.TargetLoginTests"/>
  <testcase name="loginPageTest" time="10.745" classname="targetTests.TargetLoginTests"/>
  <testcase name="forgotPassword" time="13.176" classname="targetTests.TargetForgotPasswordTest"/>
</testsuite> <!-- Test -->
